c:\users\nikolay\documents\visual studio 2013\projects\svgproject\svgproject\debug\svgproject.pch
c:\users\nikolay\documents\visual studio 2013\projects\svgproject\svgproject\debug\vc120.pdb
c:\users\nikolay\documents\visual studio 2013\projects\svgproject\svgproject\debug\vc120.idb
c:\users\nikolay\documents\visual studio 2013\projects\svgproject\svgproject\debug\stdafx.obj
c:\users\nikolay\documents\visual studio 2013\projects\svgproject\svgproject\debug\svgproject.obj
f:\education\fmi\2nd semester\oop\svg project\oopcourseprojectsvg\svgproject\debug\svgproject.pch
f:\education\fmi\2nd semester\oop\svg project\oopcourseprojectsvg\svgproject\debug\vc120.pdb
f:\education\fmi\2nd semester\oop\svg project\oopcourseprojectsvg\svgproject\debug\vc120.idb
f:\education\fmi\2nd semester\oop\svg project\oopcourseprojectsvg\svgproject\debug\stdafx.obj
f:\education\fmi\2nd semester\oop\svg project\oopcourseprojectsvg\svgproject\debug\circle.obj
f:\education\fmi\2nd semester\oop\svg project\oopcourseprojectsvg\svgproject\debug\line.obj
f:\education\fmi\2nd semester\oop\svg project\oopcourseprojectsvg\svgproject\debug\rectangle.obj
f:\education\fmi\2nd semester\oop\svg project\oopcourseprojectsvg\svgproject\debug\shape.obj
f:\education\fmi\2nd semester\oop\svg project\oopcourseprojectsvg\svgproject\debug\svgproject.obj
f:\education\fmi\2nd semester\oop\svg project\oopcourseprojectsvg\svgproject\debug\svg_serializable.obj
f:\education\fmi\2nd semester\oop\svg project\oopcourseprojectsvg\svgproject\debug\svg_factory.obj
c:\users\nikolay\documents\visual studio 2013\projects\svgproject\debug\svgproject.ilk
c:\users\nikolay\documents\visual studio 2013\projects\svgproject\debug\svgproject.exe
c:\users\nikolay\documents\visual studio 2013\projects\svgproject\debug\svgproject.pdb
f:\education\fmi\2nd semester\oop\svg project\oopcourseprojectsvg\debug\svgproject.ilk
f:\education\fmi\2nd semester\oop\svg project\oopcourseprojectsvg\debug\svgproject.exe
f:\education\fmi\2nd semester\oop\svg project\oopcourseprojectsvg\debug\svgproject.pdb
f:\education\fmi\2nd semester\oop\svg project\oopcourseprojectsvg\svgproject\debug\svgproject.tlog\cl.command.1.tlog
f:\education\fmi\2nd semester\oop\svg project\oopcourseprojectsvg\svgproject\debug\svgproject.tlog\cl.read.1.tlog
f:\education\fmi\2nd semester\oop\svg project\oopcourseprojectsvg\svgproject\debug\svgproject.tlog\cl.write.1.tlog
f:\education\fmi\2nd semester\oop\svg project\oopcourseprojectsvg\svgproject\debug\svgproject.tlog\link.command.1.tlog
f:\education\fmi\2nd semester\oop\svg project\oopcourseprojectsvg\svgproject\debug\svgproject.tlog\link.read.1.tlog
f:\education\fmi\2nd semester\oop\svg project\oopcourseprojectsvg\svgproject\debug\svgproject.tlog\link.write.1.tlog
